**********************************************
*******     Site #   2
Average PSA and Fourier spectrum over     3 trials
damping:   5%
 100 samples
Mag.          =      6.50
siteCoord1    =      0.72
siteCoord2    =      0.01
depth         =      3.00
fault Dis.(km)=    49.56
Hypo  Dis.(km)=    75.12
Input Parameters file =  M6d5S130_parameters.out                                                                                                 
 data format: (1x,f10.3, 1p, 1x,e11.4, 5x,e11.4, 2x,e11.4, 1x,e11.4)
   freq(Hz)     per(s) FAS(cm/sec) avgPSA(cm/s**2) avgPSV(cm/s)   avgSD(cm)
      0.100     10.000  1.6884E+00      1.1003E+00   1.7512E+00  2.7872E+00
      0.106      9.392  1.6884E+00      1.2753E+00   1.9063E+00  2.8493E+00
      0.113      8.820  1.7621E+00      1.4203E+00   1.9937E+00  2.7987E+00
      0.121      8.283  2.0501E+00      1.6170E+00   2.1318E+00  2.8104E+00
      0.129      7.779  2.7976E+00      1.9162E+00   2.3725E+00  2.9375E+00
      0.137      7.306  2.7880E+00      2.0960E+00   2.4372E+00  2.8340E+00
      0.146      6.862  3.4866E+00      2.3131E+00   2.5261E+00  2.7586E+00
      0.155      6.444  3.7486E+00      2.8804E+00   2.9542E+00  3.0299E+00
      0.165      6.052  3.5511E+00      3.3017E+00   3.1802E+00  3.0632E+00
      0.176      5.684  4.2335E+00      3.7684E+00   3.4089E+00  3.0837E+00
      0.187      5.338  4.1372E+00      4.4683E+00   3.7961E+00  3.2251E+00
      0.199      5.013  4.7970E+00      5.2792E+00   4.2121E+00  3.3608E+00
      0.212      4.708  5.3489E+00      6.2006E+00   4.6463E+00  3.4816E+00
      0.226      4.422  6.2217E+00      7.3684E+00   5.1854E+00  3.6491E+00
      0.241      4.153  6.9884E+00      8.6763E+00   5.7343E+00  3.7899E+00
      0.256      3.900  7.5256E+00      1.0016E+01   6.2172E+00  3.8591E+00
      0.273      3.663  8.7625E+00      1.1776E+01   6.8647E+00  4.0017E+00
      0.291      3.440  9.7002E+00      1.3739E+01   7.5215E+00  4.1178E+00
      0.310      3.231  9.7770E+00      1.5727E+01   8.0863E+00  4.1577E+00
      0.330      3.034  1.1378E+01      1.8010E+01   8.6968E+00  4.1995E+00
      0.351      2.849  1.2435E+01      2.0576E+01   9.3310E+00  4.2316E+00
      0.374      2.676  1.2811E+01      2.2785E+01   9.7043E+00  4.1331E+00
      0.398      2.513  1.3070E+01      2.5013E+01   1.0005E+01  4.0019E+00
      0.424      2.360  1.3369E+01      2.7803E+01   1.0444E+01  3.9234E+00
      0.451      2.217  1.3641E+01      3.0795E+01   1.0865E+01  3.8330E+00
      0.480      2.082  1.6018E+01      3.4945E+01   1.1578E+01  3.8363E+00
      0.511      1.955  1.6062E+01      3.8108E+01   1.1858E+01  3.6899E+00
      0.545      1.836  1.6469E+01      4.2329E+01   1.2370E+01  3.6151E+00
      0.580      1.724  1.5950E+01      4.6785E+01   1.2840E+01  3.5242E+00
      0.617      1.620  1.7272E+01      5.0875E+01   1.3114E+01  3.3801E+00
      0.657      1.521  1.5550E+01      5.5501E+01   1.3436E+01  3.2524E+00
      0.700      1.428  1.6555E+01      5.9474E+01   1.3521E+01  3.0740E+00
      0.745      1.342  1.6994E+01      6.2321E+01   1.3306E+01  2.8411E+00
      0.794      1.260  1.6566E+01      6.4029E+01   1.2839E+01  2.5746E+00
      0.845      1.183  1.5634E+01      6.3798E+01   1.2015E+01  2.2626E+00
      0.900      1.111  1.4989E+01      6.6107E+01   1.1692E+01  2.0679E+00
      0.958      1.044  1.2752E+01      7.2291E+01   1.2008E+01  1.9945E+00
      1.020      0.980  1.2527E+01      7.8385E+01   1.2228E+01  1.9075E+00
      1.086      0.921  1.1406E+01      7.9289E+01   1.1616E+01  1.7018E+00
      1.157      0.865  1.3011E+01      8.1763E+01   1.1250E+01  1.5479E+00
      1.232      0.812  1.6676E+01      8.7396E+01   1.1293E+01  1.4593E+00
      1.311      0.763  1.5953E+01      8.4075E+01   1.0203E+01  1.2382E+00
      1.396      0.716  1.6218E+01      8.5819E+01   9.7810E+00  1.1148E+00
      1.487      0.673  1.7592E+01      9.2361E+01   9.8862E+00  1.0582E+00
      1.583      0.632  2.0967E+01      1.0878E+02   1.0935E+01  1.0992E+00
      1.686      0.593  1.3817E+01      1.0960E+02   1.0347E+01  9.7685E-01
      1.795      0.557  1.5063E+01      1.1739E+02   1.0408E+01  9.2284E-01
      1.911      0.523  1.7568E+01      1.3653E+02   1.1369E+01  9.4666E-01
      2.035      0.491  1.6294E+01      1.4467E+02   1.1314E+01  8.8480E-01
      2.167      0.461  1.4680E+01      1.3905E+02   1.0213E+01  7.5007E-01
      2.307      0.433  1.3328E+01      1.3084E+02   9.0251E+00  6.2252E-01
      2.457      0.407  1.1926E+01      1.3051E+02   8.4543E+00  5.4767E-01
      2.616      0.382  8.8167E+00      1.3123E+02   7.9840E+00  4.8574E-01
      2.786      0.359  1.4487E+01      1.3164E+02   7.5215E+00  4.2976E-01
      2.966      0.337  6.8550E+00      1.3295E+02   7.1344E+00  3.8284E-01
      3.158      0.317  1.0855E+01      1.2420E+02   6.2594E+00  3.1544E-01
      3.363      0.297  1.0310E+01      1.2552E+02   5.9409E+00  2.8118E-01
      3.581      0.279  9.3708E+00      1.3059E+02   5.8048E+00  2.5802E-01
      3.813      0.262  1.1859E+01      1.3322E+02   5.5614E+00  2.3216E-01
      4.060      0.246  7.7983E+00      1.3081E+02   5.1285E+00  2.0107E-01
      4.323      0.231  7.0552E+00      1.3703E+02   5.0455E+00  1.8577E-01
      4.603      0.217  5.0793E+00      1.5370E+02   5.3148E+00  1.8378E-01
      4.901      0.204  7.0139E+00      1.7734E+02   5.7593E+00  1.8704E-01
      5.218      0.192  1.4123E+01      1.9463E+02   5.9362E+00  1.8105E-01
      5.556      0.180  7.0445E+00      1.7318E+02   4.9607E+00  1.4209E-01
      5.916      0.169  4.6631E+00      1.4998E+02   4.0347E+00  1.0854E-01
      6.300      0.159  6.2350E+00      1.5549E+02   3.9282E+00  9.9244E-02
      6.708      0.149  1.0129E+01      1.7766E+02   4.2155E+00  1.0002E-01
      7.142      0.140  7.0230E+00      1.8485E+02   4.1190E+00  9.1786E-02
      7.605      0.131  9.4339E+00      1.8597E+02   3.8918E+00  8.1446E-02
      8.098      0.123  6.1647E+00      1.7500E+02   3.4396E+00  6.7602E-02
      8.622      0.116  5.2780E+00      1.6115E+02   2.9745E+00  5.4905E-02
      9.181      0.109  4.5070E+00      1.6336E+02   2.8320E+00  4.9093E-02
      9.776      0.102  7.0802E+00      1.6846E+02   2.7426E+00  4.4651E-02
     10.409      0.096  2.3094E+00      1.4763E+02   2.2573E+00  3.4515E-02
     11.083      0.090  2.5764E+00      1.4449E+02   2.0748E+00  2.9794E-02
     11.801      0.085  4.0443E+00      1.5044E+02   2.0288E+00  2.7361E-02
     12.566      0.080  1.6145E+00      1.4793E+02   1.8735E+00  2.3729E-02
     13.380      0.075  2.7326E+00      1.4830E+02   1.7640E+00  2.0982E-02
     14.247      0.070  3.1201E+00      1.3775E+02   1.5389E+00  1.7191E-02
     15.170      0.066  1.6013E+00      1.3137E+02   1.3783E+00  1.4460E-02
     16.153      0.062  2.1572E+00      1.2398E+02   1.2216E+00  1.2037E-02
     17.199      0.058  1.5032E+00      1.2257E+02   1.1342E+00  1.0496E-02
     18.314      0.055  1.2473E+00      1.2269E+02   1.0663E+00  9.2663E-03
     19.500      0.051  1.1094E+00      1.1676E+02   9.5293E-01  7.7776E-03
     20.763      0.048  8.3928E-01      1.1424E+02   8.7569E-01  6.7123E-03
     22.109      0.045  7.1998E-01      1.1262E+02   8.1072E-01  5.8362E-03
     23.541      0.042  5.2461E-01      1.1210E+02   7.5792E-01  5.1241E-03
     25.066      0.040  5.2380E-01      1.0785E+02   6.8481E-01  4.3482E-03
     26.690      0.037  7.2810E-01      1.0332E+02   6.1612E-01  3.6740E-03
     28.419      0.035  4.6234E-01      9.6299E+01   5.3930E-01  3.0202E-03
     30.260      0.033  1.7732E-01      9.2490E+01   4.8645E-01  2.5585E-03
     32.221      0.031  2.3159E-01      9.0038E+01   4.4474E-01  2.1968E-03
     34.308      0.029  1.2630E-01      8.9171E+01   4.1366E-01  1.9190E-03
     36.531      0.027  1.0395E-01      9.0926E+01   3.9614E-01  1.7259E-03
     38.897      0.026  1.2461E-01      8.9509E+01   3.6624E-01  1.4985E-03
     41.417      0.024  6.4044E-02      8.7837E+01   3.3753E-01  1.2970E-03
     44.101      0.023  4.2066E-02      8.6939E+01   3.1375E-01  1.1323E-03
     46.958      0.021  1.2536E-02      8.7026E+01   2.9496E-01  9.9971E-04
     50.000      0.020  1.8640E-02      8.7004E+01   2.7694E-01  8.8153E-04
 
 
