**********************************************
*******     Site #   1
Average PSA and Fourier spectrum over     3 trials
damping:   5%
 100 samples
Mag.          =      6.50
siteCoord1    =      0.36
siteCoord2    =      0.01
depth         =      3.00
fault Dis.(km)=    10.24
Hypo  Dis.(km)=    35.40
Input Parameters file =  M6d5S130_parameters.out                                                                                                 
 data format: (1x,f10.3, 1p, 1x,e11.4, 5x,e11.4, 2x,e11.4, 1x,e11.4)
   freq(Hz)     per(s) FAS(cm/sec) avgPSA(cm/s**2) avgPSV(cm/s)   avgSD(cm)
      0.100     10.000  4.8582E+00      2.8414E+00   4.5223E+00  7.1975E+00
      0.106      9.392  4.8582E+00      3.2114E+00   4.8001E+00  7.1747E+00
      0.113      8.820  5.7487E+00      3.6635E+00   5.1427E+00  7.2191E+00
      0.121      8.283  6.5864E+00      4.2499E+00   5.6029E+00  7.3866E+00
      0.129      7.779  7.3037E+00      4.9464E+00   6.1244E+00  7.5828E+00
      0.137      7.306  7.9429E+00      5.6247E+00   6.5405E+00  7.6053E+00
      0.146      6.862  9.4492E+00      6.5219E+00   7.1223E+00  7.7780E+00
      0.155      6.444  1.0289E+01      7.8700E+00   8.0716E+00  8.2783E+00
      0.165      6.052  1.1659E+01      9.5595E+00   9.2078E+00  8.8690E+00
      0.176      5.684  1.4665E+01      1.1282E+01   1.0206E+01  9.2326E+00
      0.187      5.338  1.5812E+01      1.3628E+01   1.1578E+01  9.8363E+00
      0.199      5.013  1.8391E+01      1.5812E+01   1.2616E+01  1.0066E+01
      0.212      4.708  1.9012E+01      1.8385E+01   1.3777E+01  1.0323E+01
      0.226      4.422  1.9467E+01      2.0636E+01   1.4522E+01  1.0220E+01
      0.241      4.153  2.0691E+01      2.3458E+01   1.5504E+01  1.0247E+01
      0.256      3.900  2.3380E+01      2.6337E+01   1.6347E+01  1.0147E+01
      0.273      3.663  2.4749E+01      2.9921E+01   1.7442E+01  1.0168E+01
      0.291      3.440  2.7698E+01      3.5081E+01   1.9206E+01  1.0515E+01
      0.310      3.231  2.8491E+01      4.0750E+01   2.0952E+01  1.0773E+01
      0.330      3.034  3.0070E+01      4.5215E+01   2.1833E+01  1.0543E+01
      0.351      2.849  3.2905E+01      5.0671E+01   2.2979E+01  1.0421E+01
      0.374      2.676  3.3420E+01      5.4517E+01   2.3219E+01  9.8891E+00
      0.398      2.513  3.4762E+01      5.8001E+01   2.3200E+01  9.2796E+00
      0.424      2.360  3.6832E+01      6.4778E+01   2.4334E+01  9.1411E+00
      0.451      2.217  3.2597E+01      7.0527E+01   2.4882E+01  8.7782E+00
      0.480      2.082  3.2984E+01      7.4552E+01   2.4701E+01  8.1844E+00
      0.511      1.955  3.3317E+01      8.0396E+01   2.5017E+01  7.7846E+00
      0.545      1.836  3.7654E+01      8.7363E+01   2.5531E+01  7.4611E+00
      0.580      1.724  3.1457E+01      8.9185E+01   2.4477E+01  6.7180E+00
      0.617      1.620  3.1848E+01      8.9248E+01   2.3004E+01  5.9296E+00
      0.657      1.521  2.6495E+01      9.4517E+01   2.2880E+01  5.5387E+00
      0.700      1.428  2.6399E+01      9.8052E+01   2.2292E+01  5.0680E+00
      0.745      1.342  2.5665E+01      9.9339E+01   2.1210E+01  4.5287E+00
      0.794      1.260  2.4196E+01      1.0635E+02   2.1326E+01  4.2763E+00
      0.845      1.183  2.5214E+01      1.1046E+02   2.0803E+01  3.9176E+00
      0.900      1.111  2.8749E+01      1.2606E+02   2.2295E+01  3.9431E+00
      0.958      1.044  3.3721E+01      1.4041E+02   2.3322E+01  3.8739E+00
      1.020      0.980  3.4485E+01      1.4148E+02   2.2070E+01  3.4428E+00
      1.086      0.921  3.8588E+01      1.4064E+02   2.0605E+01  3.0187E+00
      1.157      0.865  3.4632E+01      1.5131E+02   2.0819E+01  2.8645E+00
      1.232      0.812  2.8973E+01      1.4557E+02   1.8810E+01  2.4307E+00
      1.311      0.763  1.5423E+01      1.5987E+02   1.9401E+01  2.3545E+00
      1.396      0.716  1.4371E+01      1.9394E+02   2.2104E+01  2.5192E+00
      1.487      0.673  3.1041E+01      2.2655E+02   2.4250E+01  2.5956E+00
      1.583      0.632  4.3016E+01      2.7066E+02   2.7208E+01  2.7351E+00
      1.686      0.593  4.7038E+01      3.1978E+02   3.0190E+01  2.8503E+00
      1.795      0.557  4.2554E+01      3.2921E+02   2.9190E+01  2.5881E+00
      1.911      0.523  3.3353E+01      3.7329E+02   3.1084E+01  2.5884E+00
      2.035      0.491  4.2264E+01      4.2455E+02   3.3201E+01  2.5965E+00
      2.167      0.461  7.0908E+01      4.8655E+02   3.5735E+01  2.6246E+00
      2.307      0.433  7.6885E+01      5.3184E+02   3.6685E+01  2.5304E+00
      2.457      0.407  5.7753E+01      5.0948E+02   3.3004E+01  2.1380E+00
      2.616      0.382  5.0364E+01      4.6697E+02   2.8410E+01  1.7284E+00
      2.786      0.359  4.3937E+01      4.4856E+02   2.5629E+01  1.4644E+00
      2.966      0.337  3.6927E+01      5.2085E+02   2.7949E+01  1.4998E+00
      3.158      0.317  5.4368E+01      5.7608E+02   2.9032E+01  1.4631E+00
      3.363      0.297  5.7925E+01      6.4383E+02   3.0472E+01  1.4422E+00
      3.581      0.279  5.1664E+01      6.4061E+02   2.8475E+01  1.2657E+00
      3.813      0.262  3.8693E+01      6.6332E+02   2.7691E+01  1.1559E+00
      4.060      0.246  4.1326E+01      7.0825E+02   2.7767E+01  1.0886E+00
      4.323      0.231  5.7030E+01      7.6893E+02   2.8312E+01  1.0424E+00
      4.603      0.217  4.0092E+01      7.8452E+02   2.7128E+01  9.3808E-01
      4.901      0.204  3.1704E+01      7.3317E+02   2.3810E+01  7.7325E-01
      5.218      0.192  3.0317E+01      7.4889E+02   2.2841E+01  6.9664E-01
      5.556      0.180  3.8301E+01      7.5494E+02   2.1624E+01  6.1940E-01
      5.916      0.169  4.4395E+01      8.7795E+02   2.3618E+01  6.3535E-01
      6.300      0.159  2.7404E+01      8.3753E+02   2.1160E+01  5.3458E-01
      6.708      0.149  2.8343E+01      8.7722E+02   2.0814E+01  4.9385E-01
      7.142      0.140  4.2227E+01      1.0191E+03   2.2708E+01  5.0601E-01
      7.605      0.131  3.8976E+01      1.0844E+03   2.2693E+01  4.7491E-01
      8.098      0.123  4.2391E+01      9.7824E+02   1.9227E+01  3.7789E-01
      8.622      0.116  2.5521E+01      8.3931E+02   1.5492E+01  2.8596E-01
      9.181      0.109  2.1469E+01      7.2651E+02   1.2594E+01  2.1833E-01
      9.776      0.102  1.3220E+01      7.1326E+02   1.1612E+01  1.8906E-01
     10.409      0.096  2.4556E+01      7.9073E+02   1.2090E+01  1.8486E-01
     11.083      0.090  1.5796E+01      8.1512E+02   1.1705E+01  1.6808E-01
     11.801      0.085  2.4921E+01      8.4527E+02   1.1399E+01  1.5373E-01
     12.566      0.080  1.6081E+01      8.2851E+02   1.0494E+01  1.3291E-01
     13.380      0.075  1.0300E+01      7.8624E+02   9.3523E+00  1.1124E-01
     14.247      0.070  1.3142E+01      7.7188E+02   8.6228E+00  9.6326E-02
     15.170      0.066  1.3410E+01      6.7556E+02   7.0876E+00  7.4358E-02
     16.153      0.062  5.4736E+00      6.7184E+02   6.6197E+00  6.5224E-02
     17.199      0.058  9.0742E+00      6.5192E+02   6.0326E+00  5.5823E-02
     18.314      0.055  6.9276E+00      6.3368E+02   5.5070E+00  4.7859E-02
     19.500      0.051  8.4069E+00      6.1640E+02   5.0309E+00  4.1061E-02
     20.763      0.048  5.7694E+00      6.7079E+02   5.1417E+00  3.9412E-02
     22.109      0.045  3.7482E+00      6.2432E+02   4.4943E+00  3.2354E-02
     23.541      0.042  3.8801E+00      5.8728E+02   3.9705E+00  2.6844E-02
     25.066      0.040  4.6882E+00      5.1815E+02   3.2900E+00  2.0890E-02
     26.690      0.037  1.9075E+00      4.9991E+02   2.9810E+00  1.7776E-02
     28.419      0.035  2.2741E+00      5.1088E+02   2.8611E+00  1.6023E-02
     30.260      0.033  1.7706E+00      4.7052E+02   2.4747E+00  1.3016E-02
     32.221      0.031  3.0572E+00      4.3556E+02   2.1515E+00  1.0627E-02
     34.308      0.029  2.1106E+00      4.1225E+02   1.9124E+00  8.8718E-03
     36.531      0.027  1.1660E+00      4.0912E+02   1.7824E+00  7.7656E-03
     38.897      0.026  5.5506E-01      4.1261E+02   1.6883E+00  6.9078E-03
     41.417      0.024  4.2762E-01      4.0317E+02   1.5493E+00  5.9534E-03
     44.101      0.023  3.4298E-01      3.9270E+02   1.4172E+00  5.1145E-03
     46.958      0.021  2.9311E-01      3.8531E+02   1.3060E+00  4.4263E-03
     50.000      0.020  3.0721E-01      3.8772E+02   1.2342E+00  3.9284E-03
 
 
