**********************************************
*******     Site #   1
Average PSA and Fourier spectrum over     1 trials
damping:   5%
 100 samples
Mag.          =      7.10
siteCoord1    =     40.85
siteCoord2    =     31.17
depth         =      0.00
fault Dis.(km)=    10.16
Hypo  Dis.(km)=    18.29
Input Parameters file =  M7,1S100K0,047_parameters.out                                                                                           
 data format: (1x,f10.3, 1p, 1x,e11.4, 5x,e11.4, 2x,e11.4, 1x,e11.4)
   freq(Hz)     per(s) FAS(cm/sec) avgPSA(cm/s**2) avgPSV(cm/s)   avgSD(cm)
      0.100     10.000  1.2914E+02      5.6098E+01   8.9282E+01  1.4210E+02
      0.106      9.392  1.2860E+02      5.9577E+01   8.9051E+01  1.3311E+02
      0.113      8.820  1.2421E+02      6.8121E+01   9.5626E+01  1.3424E+02
      0.121      8.283  1.1523E+02      7.3151E+01   9.6439E+01  1.2714E+02
      0.129      7.779  8.5731E+01      7.1460E+01   8.8478E+01  1.0955E+02
      0.137      7.306  6.5317E+01      6.8037E+01   7.9114E+01  9.1995E+01
      0.146      6.862  5.9631E+01      7.2896E+01   7.9607E+01  8.6935E+01
      0.155      6.444  6.6959E+01      8.7852E+01   9.0102E+01  9.2410E+01
      0.165      6.052  7.7446E+01      9.7118E+01   9.3545E+01  9.0103E+01
      0.176      5.684  1.0040E+02      1.1854E+02   1.0723E+02  9.7003E+01
      0.187      5.338  1.8162E+02      1.6456E+02   1.3980E+02  1.1877E+02
      0.199      5.013  2.3152E+02      2.1436E+02   1.7103E+02  1.3646E+02
      0.212      4.708  2.6141E+02      2.5699E+02   1.9257E+02  1.4430E+02
      0.226      4.422  2.6642E+02      2.9268E+02   2.0597E+02  1.4495E+02
      0.241      4.153  2.5642E+02      3.0950E+02   2.0456E+02  1.3519E+02
      0.256      3.900  2.5793E+02      3.2185E+02   1.9978E+02  1.2400E+02
      0.273      3.663  2.4517E+02      3.5412E+02   2.0643E+02  1.2034E+02
      0.291      3.440  1.8782E+02      3.4588E+02   1.8936E+02  1.0367E+02
      0.310      3.231  2.0738E+02      3.4567E+02   1.7773E+02  9.1382E+01
      0.330      3.034  3.7191E+02      4.3916E+02   2.1206E+02  1.0240E+02
      0.351      2.849  4.1187E+02      4.8891E+02   2.2172E+02  1.0055E+02
      0.374      2.676  4.0857E+02      4.9939E+02   2.1269E+02  9.0586E+01
      0.398      2.513  2.6724E+02      4.2286E+02   1.6914E+02  6.7654E+01
      0.424      2.360  1.2975E+02      4.2782E+02   1.6071E+02  6.0372E+01
      0.451      2.217  2.5793E+02      4.4400E+02   1.5664E+02  5.5262E+01
      0.480      2.082  2.8205E+02      5.0142E+02   1.6614E+02  5.5046E+01
      0.511      1.955  3.0301E+02      5.5015E+02   1.7119E+02  5.3270E+01
      0.545      1.836  2.6351E+02      5.4757E+02   1.6002E+02  4.6765E+01
      0.580      1.724  8.3540E+01      4.7082E+02   1.2922E+02  3.5465E+01
      0.617      1.620  1.8024E+02      5.6992E+02   1.4690E+02  3.7865E+01
      0.657      1.521  3.8842E+02      6.6328E+02   1.6056E+02  3.8868E+01
      0.700      1.428  1.9393E+02      6.3212E+02   1.4371E+02  3.2672E+01
      0.745      1.342  3.8651E+02      6.9499E+02   1.4839E+02  3.1683E+01
      0.794      1.260  1.8449E+02      6.2692E+02   1.2571E+02  2.5208E+01
      0.845      1.183  7.6960E+01      6.6201E+02   1.2467E+02  2.3478E+01
      0.900      1.111  2.6663E+02      7.0108E+02   1.2400E+02  2.1930E+01
      0.958      1.044  2.1249E+02      9.4689E+02   1.5728E+02  2.6125E+01
      1.020      0.980  4.6419E+02      1.1017E+03   1.7187E+02  2.6811E+01
      1.086      0.921  4.7150E+02      1.4512E+03   2.1260E+02  3.1147E+01
      1.157      0.865  4.7536E+02      1.7002E+03   2.3393E+02  3.2187E+01
      1.232      0.812  4.4979E+02      1.7933E+03   2.3172E+02  2.9943E+01
      1.311      0.763  3.3426E+02      1.7804E+03   2.1606E+02  2.6221E+01
      1.396      0.716  3.3551E+02      1.6992E+03   1.9367E+02  2.2073E+01
      1.487      0.673  3.8489E+02      1.5472E+03   1.6561E+02  1.7727E+01
      1.583      0.632  1.5920E+02      1.2792E+03   1.2859E+02  1.2926E+01
      1.686      0.593  1.4382E+02      9.3690E+02   8.8452E+01  8.3507E+00
      1.795      0.557  2.0078E+02      1.2633E+03   1.1201E+02  9.9317E+00
      1.911      0.523  2.6310E+02      1.3707E+03   1.1414E+02  9.5047E+00
      2.035      0.491  3.3463E+02      1.2864E+03   1.0061E+02  7.8677E+00
      2.167      0.461  1.8760E+02      1.5158E+03   1.1133E+02  8.1765E+00
      2.307      0.433  2.8585E+02      1.3412E+03   9.2514E+01  6.3813E+00
      2.457      0.407  7.4383E+01      1.2014E+03   7.7828E+01  5.0417E+00
      2.616      0.382  6.8648E+01      1.4756E+03   8.9774E+01  5.4617E+00
      2.786      0.359  2.4364E+02      1.8171E+03   1.0383E+02  5.9323E+00
      2.966      0.337  2.4065E+02      2.2424E+03   1.2033E+02  6.4570E+00
      3.158      0.317  1.2676E+02      2.1397E+03   1.0783E+02  5.4342E+00
      3.363      0.297  1.8338E+02      2.0980E+03   9.9294E+01  4.6995E+00
      3.581      0.279  1.4701E+02      2.1329E+03   9.4809E+01  4.2142E+00
      3.813      0.262  1.2338E+02      1.8323E+03   7.6489E+01  3.1931E+00
      4.060      0.246  6.2929E+01      1.5541E+03   6.0929E+01  2.3887E+00
      4.323      0.231  6.8475E+01      1.2663E+03   4.6626E+01  1.7168E+00
      4.603      0.217  2.8704E+01      1.0689E+03   3.6963E+01  1.2782E+00
      4.901      0.204  4.6959E+01      1.0723E+03   3.4824E+01  1.1309E+00
      5.218      0.192  6.9405E+01      9.2357E+02   2.8168E+01  8.5913E-01
      5.556      0.180  2.5439E+01      1.0933E+03   3.1315E+01  8.9699E-01
      5.916      0.169  5.2429E+00      1.0456E+03   2.8127E+01  7.5666E-01
      6.300      0.159  2.4579E+01      1.0507E+03   2.6544E+01  6.7062E-01
      6.708      0.149  5.6861E+00      1.0093E+03   2.3947E+01  5.6819E-01
      7.142      0.140  2.0926E+01      9.7060E+02   2.1628E+01  4.8195E-01
      7.605      0.131  1.1200E+01      9.4413E+02   1.9758E+01  4.1349E-01
      8.098      0.123  9.0760E+00      9.2246E+02   1.8130E+01  3.5634E-01
      8.622      0.116  1.3190E+01      9.4313E+02   1.7409E+01  3.2134E-01
      9.181      0.109  7.4421E+00      9.4084E+02   1.6310E+01  2.8274E-01
      9.776      0.102  6.9618E+00      8.6449E+02   1.4074E+01  2.2914E-01
     10.409      0.096  8.9742E+00      8.3154E+02   1.2714E+01  1.9440E-01
     11.083      0.090  6.2642E+00      8.2476E+02   1.1843E+01  1.7007E-01
     11.801      0.085  3.1647E+00      7.9508E+02   1.0723E+01  1.4460E-01
     12.566      0.080  3.2972E+00      7.8417E+02   9.9319E+00  1.2579E-01
     13.380      0.075  1.3329E+00      7.7094E+02   9.1702E+00  1.0908E-01
     14.247      0.070  1.3071E+00      7.7975E+02   8.7107E+00  9.7308E-02
     15.170      0.066  6.5545E-01      7.8408E+02   8.2261E+00  8.6304E-02
     16.153      0.062  8.6053E-01      7.8068E+02   7.6921E+00  7.5791E-02
     17.199      0.058  1.7762E+00      7.7427E+02   7.1647E+00  6.6300E-02
     18.314      0.055  1.4358E+00      7.6409E+02   6.6404E+00  5.7709E-02
     19.500      0.051  1.1551E+00      7.5417E+02   6.1553E+00  5.0238E-02
     20.763      0.048  7.9160E-01      7.5104E+02   5.7569E+00  4.4127E-02
     22.109      0.045  3.9140E-01      7.5790E+02   5.4560E+00  3.9277E-02
     23.541      0.042  4.7431E-01      7.6085E+02   5.1440E+00  3.4777E-02
     25.066      0.040  4.9421E-01      7.6319E+02   4.8458E+00  3.0768E-02
     26.690      0.037  2.4948E-01      7.6368E+02   4.5539E+00  2.7155E-02
     28.419      0.035  4.1200E-01      7.5785E+02   4.2442E+00  2.3769E-02
     30.260      0.033  1.9036E-01      7.5089E+02   3.9494E+00  2.0772E-02
     32.221      0.031  1.7963E-01      7.5372E+02   3.7230E+00  1.8390E-02
     34.308      0.029  1.5786E-01      7.5355E+02   3.4957E+00  1.6217E-02
     36.531      0.027  1.4089E-01      7.5361E+02   3.2833E+00  1.4304E-02
     38.897      0.026  7.8322E-02      7.5362E+02   3.0836E+00  1.2617E-02
     41.417      0.024  2.1911E-01      7.5270E+02   2.8924E+00  1.1115E-02
     44.101      0.023  2.9866E-02      7.5223E+02   2.7147E+00  9.7972E-03
     46.958      0.021  3.7354E-02      7.5226E+02   2.5496E+00  8.6415E-03
     50.000      0.020  1.0170E-01      7.5202E+02   2.3938E+00  7.6196E-03
 
 
