**********************************************
*******     Site #   2
Average PSA and Fourier spectrum over     3 trials
damping:   5%
 100 samples
Mag.          =      7.10
siteCoord1    =      2.50
siteCoord2    =    180.00
depth         =      0.00
fault Dis.(km)=     2.49
Hypo  Dis.(km)=     8.38
Input Parameters file =  M7,1S100K0,047_parameters.out                                                                                           
 data format: (1x,f10.3, 1p, 1x,e11.4, 5x,e11.4, 2x,e11.4, 1x,e11.4)
   freq(Hz)     per(s) FAS(cm/sec) avgPSA(cm/s**2) avgPSV(cm/s)   avgSD(cm)
      0.100     10.000  5.4022E+01      3.2162E+01   5.1187E+01  8.1467E+01
      0.106      9.392  5.6329E+01      3.4114E+01   5.0990E+01  7.6216E+01
      0.113      8.820  7.7419E+01      3.8059E+01   5.3426E+01  7.4998E+01
      0.121      8.283  1.0016E+02      4.7721E+01   6.2913E+01  8.2942E+01
      0.129      7.779  1.3688E+02      5.6205E+01   6.9590E+01  8.6163E+01
      0.137      7.306  1.4331E+02      5.9859E+01   6.9604E+01  8.0937E+01
      0.146      6.862  1.3800E+02      6.5330E+01   7.1344E+01  7.7912E+01
      0.155      6.444  1.2241E+02      6.8987E+01   7.0754E+01  7.2566E+01
      0.165      6.052  1.3088E+02      8.2964E+01   7.9912E+01  7.6972E+01
      0.176      5.684  1.4414E+02      1.0430E+02   9.4348E+01  8.5348E+01
      0.187      5.338  1.5393E+02      1.0580E+02   8.9887E+01  7.6365E+01
      0.199      5.013  1.3045E+02      1.1313E+02   9.0260E+01  7.2017E+01
      0.212      4.708  1.0476E+02      1.2167E+02   9.1170E+01  6.8316E+01
      0.226      4.422  1.1643E+02      1.2441E+02   8.7554E+01  6.1615E+01
      0.241      4.153  1.3137E+02      1.3994E+02   9.2487E+01  6.1126E+01
      0.256      3.900  1.6840E+02      1.6263E+02   1.0095E+02  6.2659E+01
      0.273      3.663  1.9296E+02      1.9464E+02   1.1346E+02  6.6142E+01
      0.291      3.440  1.7970E+02      2.1706E+02   1.1883E+02  6.5058E+01
      0.310      3.231  2.0453E+02      2.4843E+02   1.2773E+02  6.5674E+01
      0.330      3.034  2.0012E+02      2.7431E+02   1.3246E+02  6.3962E+01
      0.351      2.849  1.9127E+02      3.0106E+02   1.3653E+02  6.1916E+01
      0.374      2.676  2.0998E+02      3.1297E+02   1.3329E+02  5.6770E+01
      0.398      2.513  1.7819E+02      3.0233E+02   1.2093E+02  4.8371E+01
      0.424      2.360  1.5796E+02      2.9552E+02   1.1101E+02  4.1703E+01
      0.451      2.217  1.5626E+02      3.0140E+02   1.0633E+02  3.7514E+01
      0.480      2.082  1.7281E+02      3.1400E+02   1.0404E+02  3.4470E+01
      0.511      1.955  1.2235E+02      3.1907E+02   9.9286E+01  3.0895E+01
      0.545      1.836  1.5832E+02      3.3330E+02   9.7404E+01  2.8465E+01
      0.580      1.724  2.3122E+02      3.7835E+02   1.0384E+02  2.8500E+01
      0.617      1.620  1.7006E+02      3.6183E+02   9.3266E+01  2.4040E+01
      0.657      1.521  2.0081E+02      3.3338E+02   8.0703E+01  1.9536E+01
      0.700      1.428  1.2147E+02      3.8287E+02   8.7044E+01  1.9789E+01
      0.745      1.342  1.5698E+02      4.7631E+02   1.0170E+02  2.1714E+01
      0.794      1.260  2.1546E+02      4.8487E+02   9.7227E+01  1.9496E+01
      0.845      1.183  2.4075E+02      5.6038E+02   1.0553E+02  1.9874E+01
      0.900      1.111  2.3877E+02      5.9260E+02   1.0481E+02  1.8537E+01
      0.958      1.044  2.1003E+02      6.2318E+02   1.0351E+02  1.7194E+01
      1.020      0.980  2.3303E+02      6.0400E+02   9.4222E+01  1.4698E+01
      1.086      0.921  2.1509E+02      6.6698E+02   9.7716E+01  1.4316E+01
      1.157      0.865  2.3882E+02      7.6038E+02   1.0462E+02  1.4395E+01
      1.232      0.812  1.8772E+02      7.0182E+02   9.0688E+01  1.1719E+01
      1.311      0.763  1.5440E+02      6.2087E+02   7.5347E+01  9.1439E+00
      1.396      0.716  1.7416E+02      6.7109E+02   7.6486E+01  8.7174E+00
      1.487      0.673  2.2702E+02      7.6665E+02   8.2061E+01  8.7836E+00
      1.583      0.632  1.3580E+02      7.9068E+02   7.9484E+01  7.9902E+00
      1.686      0.593  2.0244E+02      7.9236E+02   7.4806E+01  7.0624E+00
      1.795      0.557  2.0844E+02      8.2356E+02   7.3021E+01  6.4744E+00
      1.911      0.523  2.1696E+02      7.9659E+02   6.6333E+01  5.5235E+00
      2.035      0.491  1.0515E+02      8.3306E+02   6.5149E+01  5.0949E+00
      2.167      0.461  1.6525E+02      8.5160E+02   6.2546E+01  4.5938E+00
      2.307      0.433  1.0413E+02      8.5817E+02   5.9194E+01  4.0830E+00
      2.457      0.407  1.3462E+02      8.2336E+02   5.3337E+01  3.4552E+00
      2.616      0.382  1.1613E+02      7.6006E+02   4.6241E+01  2.8132E+00
      2.786      0.359  1.0656E+02      7.9043E+02   4.5163E+01  2.5805E+00
      2.966      0.337  9.5291E+01      7.2623E+02   3.8970E+01  2.0911E+00
      3.158      0.317  1.1738E+02      7.3314E+02   3.6947E+01  1.8620E+00
      3.363      0.297  1.0127E+02      6.8285E+02   3.2319E+01  1.5296E+00
      3.581      0.279  6.9895E+01      6.4521E+02   2.8679E+01  1.2748E+00
      3.813      0.262  8.3495E+01      6.5067E+02   2.7162E+01  1.1339E+00
      4.060      0.246  7.3557E+01      6.1201E+02   2.3994E+01  9.4069E-01
      4.323      0.231  4.0568E+01      6.1603E+02   2.2682E+01  8.3514E-01
      4.603      0.217  4.8171E+01      6.0798E+02   2.1024E+01  7.2698E-01
      4.901      0.204  3.5221E+01      6.2331E+02   2.0242E+01  6.5738E-01
      5.218      0.192  1.8708E+01      6.0135E+02   1.8341E+01  5.5939E-01
      5.556      0.180  1.6199E+01      5.6212E+02   1.6101E+01  4.6120E-01
      5.916      0.169  5.0740E+00      5.1996E+02   1.3988E+01  3.7628E-01
      6.300      0.159  7.2230E+00      4.9316E+02   1.2459E+01  3.1478E-01
      6.708      0.149  7.5036E+00      4.6470E+02   1.1026E+01  2.6161E-01
      7.142      0.140  6.1545E+00      4.2641E+02   9.5018E+00  2.1173E-01
      7.605      0.131  9.4206E+00      4.2698E+02   8.9357E+00  1.8700E-01
      8.098      0.123  7.0763E+00      4.3589E+02   8.5671E+00  1.6838E-01
      8.622      0.116  7.7762E+00      4.4043E+02   8.1296E+00  1.5006E-01
      9.181      0.109  5.3696E+00      4.3764E+02   7.5867E+00  1.3152E-01
      9.776      0.102  2.4952E+00      4.2714E+02   6.9542E+00  1.1322E-01
     10.409      0.096  2.5118E+00      4.2092E+02   6.4359E+00  9.8405E-02
     11.083      0.090  1.0400E+00      4.1164E+02   5.9110E+00  8.4880E-02
     11.801      0.085  1.8118E+00      4.0740E+02   5.4943E+00  7.4096E-02
     12.566      0.080  1.2285E+00      4.0491E+02   5.1283E+00  6.4952E-02
     13.380      0.075  1.2153E+00      4.0267E+02   4.7897E+00  5.6973E-02
     14.247      0.070  1.1739E+00      3.9968E+02   4.4648E+00  4.9877E-02
     15.170      0.066  9.2009E-01      3.9440E+02   4.1378E+00  4.3412E-02
     16.153      0.062  6.2899E-01      3.9164E+02   3.8589E+00  3.8022E-02
     17.199      0.058  4.9943E-01      3.8848E+02   3.5949E+00  3.3265E-02
     18.314      0.055  7.2485E-01      3.9171E+02   3.4042E+00  2.9584E-02
     19.500      0.051  5.9693E-01      3.9102E+02   3.1914E+00  2.6047E-02
     20.763      0.048  5.1467E-01      3.9295E+02   3.0120E+00  2.3088E-02
     22.109      0.045  3.0427E-01      3.8998E+02   2.8074E+00  2.0210E-02
     23.541      0.042  3.4203E-01      3.8743E+02   2.6194E+00  1.7709E-02
     25.066      0.040  2.4326E-01      3.8458E+02   2.4418E+00  1.5504E-02
     26.690      0.037  1.9141E-01      3.8295E+02   2.2836E+00  1.3617E-02
     28.419      0.035  1.1921E-01      3.8185E+02   2.1385E+00  1.1976E-02
     30.260      0.033  1.7964E-01      3.8155E+02   2.0068E+00  1.0555E-02
     32.221      0.031  1.1577E-01      3.8176E+02   1.8857E+00  9.3145E-03
     34.308      0.029  1.0441E-01      3.8092E+02   1.7671E+00  8.1975E-03
     36.531      0.027  8.8047E-02      3.8021E+02   1.6565E+00  7.2169E-03
     38.897      0.026  7.9804E-02      3.7983E+02   1.5541E+00  6.3590E-03
     41.417      0.024  7.9221E-02      3.7964E+02   1.4588E+00  5.6058E-03
     44.101      0.023  5.3859E-02      3.7962E+02   1.3700E+00  4.9442E-03
     46.958      0.021  6.5537E-02      3.7949E+02   1.2862E+00  4.3594E-03
     50.000      0.020  4.3224E-02      3.7932E+02   1.2074E+00  3.8433E-03
 
 
