**********************************************
*******     Site #   1
Average PSA and Fourier spectrum over     1 trials
damping:   5%
 100 samples
Mag.          =      7.10
siteCoord1    =     40.85
siteCoord2    =     31.17
depth         =      0.00
fault Dis.(km)=    10.16
Hypo  Dis.(km)=    18.29
Input Parameters file =  M7,1S100K0,04_parameters.out                                                                                            
 data format: (1x,f10.3, 1p, 1x,e11.4, 5x,e11.4, 2x,e11.4, 1x,e11.4)
   freq(Hz)     per(s) FAS(cm/sec) avgPSA(cm/s**2) avgPSV(cm/s)   avgSD(cm)
      0.100     10.000  1.2928E+02      5.6185E+01   8.9422E+01  1.4232E+02
      0.106      9.392  1.2877E+02      5.9674E+01   8.9195E+01  1.3332E+02
      0.113      8.820  1.2440E+02      6.8253E+01   9.5812E+01  1.3450E+02
      0.121      8.283  1.1543E+02      7.3306E+01   9.6644E+01  1.2741E+02
      0.129      7.779  8.5934E+01      7.1649E+01   8.8712E+01  1.0984E+02
      0.137      7.306  6.5487E+01      6.8235E+01   7.9344E+01  9.2262E+01
      0.146      6.862  5.9819E+01      7.3178E+01   7.9914E+01  8.7271E+01
      0.155      6.444  6.7184E+01      8.8182E+01   9.0440E+01  9.2757E+01
      0.165      6.052  7.7691E+01      9.7506E+01   9.3919E+01  9.0464E+01
      0.176      5.684  1.0068E+02      1.1900E+02   1.0765E+02  9.7380E+01
      0.187      5.338  1.8202E+02      1.6510E+02   1.4027E+02  1.1916E+02
      0.199      5.013  2.3209E+02      2.1511E+02   1.7163E+02  1.3694E+02
      0.212      4.708  2.6208E+02      2.5795E+02   1.9329E+02  1.4484E+02
      0.226      4.422  2.6717E+02      2.9365E+02   2.0665E+02  1.4543E+02
      0.241      4.153  2.5727E+02      3.1064E+02   2.0531E+02  1.3569E+02
      0.256      3.900  2.5901E+02      3.2333E+02   2.0069E+02  1.2457E+02
      0.273      3.663  2.4632E+02      3.5603E+02   2.0754E+02  1.2099E+02
      0.291      3.440  1.8887E+02      3.4809E+02   1.9057E+02  1.0433E+02
      0.310      3.231  2.0861E+02      3.4807E+02   1.7896E+02  9.2015E+01
      0.330      3.034  3.7403E+02      4.4164E+02   2.1326E+02  1.0298E+02
      0.351      2.849  4.1412E+02      4.9188E+02   2.2307E+02  1.0116E+02
      0.374      2.676  4.1085E+02      5.0240E+02   2.1397E+02  9.1132E+01
      0.398      2.513  2.6894E+02      4.2559E+02   1.7023E+02  6.8091E+01
      0.424      2.360  1.3054E+02      4.3103E+02   1.6192E+02  6.0825E+01
      0.451      2.217  2.5990E+02      4.4746E+02   1.5786E+02  5.5693E+01
      0.480      2.082  2.8457E+02      5.0559E+02   1.6752E+02  5.5503E+01
      0.511      1.955  3.0593E+02      5.5531E+02   1.7280E+02  5.3769E+01
      0.545      1.836  2.6609E+02      5.5299E+02   1.6160E+02  4.7227E+01
      0.580      1.724  8.4478E+01      4.7576E+02   1.3058E+02  3.5838E+01
      0.617      1.620  1.8221E+02      5.7608E+02   1.4849E+02  3.8274E+01
      0.657      1.521  3.9308E+02      6.7111E+02   1.6246E+02  3.9327E+01
      0.700      1.428  1.9654E+02      6.4099E+02   1.4573E+02  3.3130E+01
      0.745      1.342  3.9197E+02      7.0471E+02   1.5047E+02  3.2126E+01
      0.794      1.260  1.8729E+02      6.3620E+02   1.2757E+02  2.5581E+01
      0.845      1.183  7.8016E+01      6.7163E+02   1.2648E+02  2.3819E+01
      0.900      1.111  2.7151E+02      7.1285E+02   1.2608E+02  2.2299E+01
      0.958      1.044  2.1662E+02      9.6353E+02   1.6004E+02  2.6584E+01
      1.020      0.980  4.7357E+02      1.1232E+03   1.7522E+02  2.7334E+01
      1.086      0.921  4.8133E+02      1.4811E+03   2.1699E+02  3.1791E+01
      1.157      0.865  4.8587E+02      1.7377E+03   2.3910E+02  3.2898E+01
      1.232      0.812  4.6063E+02      1.8358E+03   2.3722E+02  3.0653E+01
      1.311      0.763  3.4309E+02      1.8255E+03   2.2154E+02  2.6886E+01
      1.396      0.716  3.4520E+02      1.7448E+03   1.9886E+02  2.2664E+01
      1.487      0.673  3.9675E+02      1.5906E+03   1.7026E+02  1.8224E+01
      1.583      0.632  1.6436E+02      1.3162E+03   1.3231E+02  1.3301E+01
      1.686      0.593  1.4907E+02      9.6266E+02   9.0884E+01  8.5803E+00
      1.795      0.557  2.0850E+02      1.3075E+03   1.1593E+02  1.0279E+01
      1.911      0.523  2.7361E+02      1.4211E+03   1.1833E+02  9.8537E+00
      2.035      0.491  3.4914E+02      1.3366E+03   1.0452E+02  8.1741E+00
      2.167      0.461  1.9621E+02      1.5847E+03   1.1639E+02  8.5482E+00
      2.307      0.433  3.0018E+02      1.4000E+03   9.6569E+01  6.6610E+00
      2.457      0.407  7.8492E+01      1.2617E+03   8.1735E+01  5.2948E+00
      2.616      0.382  7.2419E+01      1.5469E+03   9.4110E+01  5.7255E+00
      2.786      0.359  2.5822E+02      1.9135E+03   1.0933E+02  6.2470E+00
      2.966      0.337  2.5616E+02      2.3715E+03   1.2726E+02  6.8286E+00
      3.158      0.317  1.3554E+02      2.2696E+03   1.1438E+02  5.7641E+00
      3.363      0.297  1.9695E+02      2.2318E+03   1.0563E+02  4.9994E+00
      3.581      0.279  1.5849E+02      2.2765E+03   1.0119E+02  4.4979E+00
      3.813      0.262  1.3382E+02      1.9592E+03   8.1785E+01  3.4141E+00
      4.060      0.246  6.8574E+01      1.6538E+03   6.4836E+01  2.5419E+00
      4.323      0.231  7.5051E+01      1.3393E+03   4.9314E+01  1.8157E+00
      4.603      0.217  3.1676E+01      1.1267E+03   3.8960E+01  1.3472E+00
      4.901      0.204  5.2163E+01      1.1334E+03   3.6808E+01  1.1954E+00
      5.218      0.192  7.7574E+01      9.7759E+02   2.9816E+01  9.0938E-01
      5.556      0.180  2.8702E+01      1.1662E+03   3.3404E+01  9.5682E-01
      5.916      0.169  5.9867E+00      1.1118E+03   2.9908E+01  8.0456E-01
      6.300      0.159  2.8159E+01      1.1197E+03   2.8289E+01  7.1469E-01
      6.708      0.149  6.5942E+00      1.0742E+03   2.5487E+01  6.0473E-01
      7.142      0.140  2.4435E+01      1.0315E+03   2.2986E+01  5.1221E-01
      7.605      0.131  1.3202E+01      1.0033E+03   2.0997E+01  4.3941E-01
      8.098      0.123  1.0834E+01      9.8001E+02   1.9261E+01  3.7857E-01
      8.622      0.116  1.5878E+01      1.0076E+03   1.8599E+01  3.4330E-01
      9.181      0.109  9.0946E+00      1.0084E+03   1.7481E+01  3.0304E-01
      9.776      0.102  8.6163E+00      9.1701E+02   1.4930E+01  2.4306E-01
     10.409      0.096  1.1248E+01      8.7806E+02   1.3426E+01  2.0528E-01
     11.083      0.090  7.9732E+00      8.7298E+02   1.2536E+01  1.8001E-01
     11.801      0.085  4.0603E+00      8.3656E+02   1.1282E+01  1.5215E-01
     12.566      0.080  4.3355E+00      8.2202E+02   1.0411E+01  1.3186E-01
     13.380      0.075  1.7541E+00      8.0520E+02   9.5777E+00  1.1393E-01
     14.247      0.070  1.7876E+00      8.1732E+02   9.1304E+00  1.0200E-01
     15.170      0.066  8.9099E-01      8.2524E+02   8.6580E+00  9.0834E-02
     16.153      0.062  1.2108E+00      8.2170E+02   8.0962E+00  7.9773E-02
     17.199      0.058  2.5896E+00      8.1653E+02   7.5558E+00  6.9918E-02
     18.314      0.055  2.1485E+00      8.0269E+02   6.9758E+00  6.0624E-02
     19.500      0.051  1.7641E+00      7.8840E+02   6.4347E+00  5.2519E-02
     20.763      0.048  1.2440E+00      7.8432E+02   6.0120E+00  4.6083E-02
     22.109      0.045  5.7494E-01      7.9248E+02   5.7049E+00  4.1069E-02
     23.541      0.042  7.0029E-01      7.9646E+02   5.3847E+00  3.6405E-02
     25.066      0.040  7.9131E-01      8.0100E+02   5.0859E+00  3.2293E-02
     26.690      0.037  4.4417E-01      8.0257E+02   4.7858E+00  2.8538E-02
     28.419      0.035  6.9574E-01      7.9498E+02   4.4521E+00  2.4933E-02
     30.260      0.033  3.5432E-01      7.8355E+02   4.1211E+00  2.1675E-02
     32.221      0.031  2.2873E-01      7.8605E+02   3.8827E+00  1.9179E-02
     34.308      0.029  2.7570E-01      7.8602E+02   3.6463E+00  1.6915E-02
     36.531      0.027  1.8288E-01      7.8658E+02   3.4269E+00  1.4930E-02
     38.897      0.026  1.5526E-01      7.8698E+02   3.2201E+00  1.3175E-02
     41.417      0.024  2.3632E-01      7.8522E+02   3.0174E+00  1.1595E-02
     44.101      0.023  3.0912E-02      7.8431E+02   2.8305E+00  1.0215E-02
     46.958      0.021  6.5218E-02      7.8472E+02   2.6597E+00  9.0145E-03
     50.000      0.020  1.0930E-01      7.8436E+02   2.4967E+00  7.9472E-03
 
 
